\BOOKMARK [0][-]{chapter.1}{Introduction}{}
\BOOKMARK [1][-]{section.1.1}{Outline}{chapter.1}
\BOOKMARK [-1][-]{part.1}{I Dimensional Reduction}{}
\BOOKMARK [0][-]{chapter.2}{Nan}{part.1}
\BOOKMARK [1][-]{section.2.1}{The Maxey-Riley equation}{chapter.2}
\BOOKMARK [0][-]{appendix.A}{Conventions and some basic formulae}{part.1}
\BOOKMARK [1][-]{section.A.1}{Index conventions}{appendix.A}
\BOOKMARK [1][-]{section.A.2}{Antisymmetric tensor and p-forms}{appendix.A}
\BOOKMARK [1][-]{section.A.3}{General relativity}{appendix.A}
\BOOKMARK [1][-]{section.A.4}{Matrix identities}{appendix.A}
\BOOKMARK [0][-]{appendix.B}{Lengthy calculations}{part.1}
\BOOKMARK [1][-]{section.B.1}{Reduction and scaling of the Ricci scalar}{appendix.B}
\BOOKMARK [2][-]{subsection.B.1.1}{Locally flat geometry}{section.B.1}
\BOOKMARK [2][-]{subsection.B.1.2}{Reduction of the Ricci scalar}{section.B.1}
\BOOKMARK [2][-]{subsection.B.1.3}{The Ricci scalar in the Einstein frame}{section.B.1}
\BOOKMARK [0][-]{appendix.C}{128 bit integer arithmetics}{part.1}
\BOOKMARK [1][-]{section.C.1}{General assembler guidelines}{appendix.C}
\BOOKMARK [1][-]{section.C.2}{The Int128 type}{appendix.C}
\BOOKMARK [2][-]{subsection.C.2.1}{Quotient reduction}{section.C.2}
\BOOKMARK [0][-]{equation.C.2.7}{Bibliography}{part.1}
